<?xml version="1.0" encoding="UTF-8"?>
<!-- Generated by org.testng.reporters.JUnitXMLReporter -->
<testsuite hostname="elt-73.estblr.com" name="Audience Review TV" tests="1" failures="1" timestamp="18 Jan 2018 10:25:22 GMT" time="110.162" errors="0">
  <testcase name="audienceReviewScreen" time="103.264" classname="com.redbox.testscripts.AudienceReview_TV">
    <failure type="java.lang.AssertionError" message="validation failed">
      <![CDATA[java.lang.AssertionError: validation failed
	at com.redbox.testscripts.AudienceReview_TV.audienceReviewScreen(AudienceReview_TV.java:146)
... Removed 28 stack frames]]>
    </failure>
  </testcase> <!-- audienceReviewScreen -->
</testsuite> <!-- Audience Review TV -->
