<?xml version="1.0" encoding="UTF-8"?>
<!-- Generated by org.testng.reporters.JUnitXMLReporter -->
<testsuite hostname="elt-73.estblr.com" name="Location List In Ascending Order" tests="1" failures="0" timestamp="18 Jan 2018 10:25:23 GMT" time="0.116" errors="0">
  <testcase name="@BeforeClass startUp" time="0.0" classname="com.redbox.testscripts.LocationListInAscendingOrder">
    <skipped/>
  </testcase> <!-- @BeforeClass startUp -->
  <testcase name="@BeforeMethod beforeTest" time="0.0" classname="com.redbox.testscripts.LocationListInAscendingOrder">
    <skipped/>
  </testcase> <!-- @BeforeMethod beforeTest -->
  <testcase name="@AfterMethod afterTest" time="0.0" classname="com.redbox.testscripts.LocationListInAscendingOrder">
    <skipped/>
  </testcase> <!-- @AfterMethod afterTest -->
  <testcase name="@AfterClass tearDown" time="0.0" classname="com.redbox.testscripts.LocationListInAscendingOrder">
    <skipped/>
  </testcase> <!-- @AfterClass tearDown -->
  <testcase name="ManagelocationVerify" time="0.0" classname="com.redbox.testscripts.LocationListInAscendingOrder">
    <skipped/>
  </testcase> <!-- ManagelocationVerify -->
</testsuite> <!-- Location List In Ascending Order -->
