<?xml version="1.0" encoding="UTF-8"?>
<!-- Generated by org.testng.reporters.JUnitXMLReporter -->
<testsuite hostname="elt-73.estblr.com" name="Searching Location By City , State and PIN " tests="1" failures="1" timestamp="18 Jan 2018 10:19:02 GMT" time="426.386" errors="0">
  <testcase name="ManagelocationVerify" time="420.528" classname="com.redbox.testscripts.SearchLocationByCityStatePIN">
    <failure type="java.lang.AssertionError" message="null">
      <![CDATA[java.lang.AssertionError: null
	at com.redbox.testscripts.SearchLocationByCityStatePIN.ManagelocationVerify(SearchLocationByCityStatePIN.java:102)
... Removed 29 stack frames]]>
    </failure>
  </testcase> <!-- ManagelocationVerify -->
</testsuite> <!-- Searching Location By City , State and PIN  -->
