<?xml version="1.0" encoding="UTF-8"?>
<!-- Generated by org.testng.reporters.JUnitXMLReporter -->
<testsuite hostname="elt-73.estblr.com" name="Select Location by using select Button in Fab Tray " tests="1" failures="0" timestamp="18 Jan 2018 10:19:03 GMT" time="0.107" errors="0">
  <testcase name="@BeforeClass startUp" time="0.0" classname="com.redbox.testscripts.SelectButtonInFabTray">
    <skipped/>
  </testcase> <!-- @BeforeClass startUp -->
  <testcase name="@BeforeMethod beforeTest" time="0.0" classname="com.redbox.testscripts.SelectButtonInFabTray">
    <skipped/>
  </testcase> <!-- @BeforeMethod beforeTest -->
  <testcase name="@AfterMethod afterTest" time="0.0" classname="com.redbox.testscripts.SelectButtonInFabTray">
    <skipped/>
  </testcase> <!-- @AfterMethod afterTest -->
  <testcase name="@AfterClass tearDown" time="0.0" classname="com.redbox.testscripts.SelectButtonInFabTray">
    <skipped/>
  </testcase> <!-- @AfterClass tearDown -->
  <testcase name="ManagelocationVerify" time="0.0" classname="com.redbox.testscripts.SelectButtonInFabTray">
    <skipped/>
  </testcase> <!-- ManagelocationVerify -->
</testsuite> <!-- Select Location by using select Button in Fab Tray  -->
