<?xml version="1.0" encoding="UTF-8"?>
<!-- Generated by org.testng.reporters.JUnitXMLReporter -->
<testsuite hostname="elt-73.estblr.com" name="Showing Map Locations" tests="1" failures="0" timestamp="18 Jan 2018 09:57:40 GMT" time="0.148" errors="0">
  <testcase name="@BeforeClass startUp" time="0.0" classname="com.redbox.testscripts.NewReleasesScreenTv">
    <skipped/>
  </testcase> <!-- @BeforeClass startUp -->
  <testcase name="@BeforeMethod beforeTest" time="0.0" classname="com.redbox.testscripts.NewReleasesScreenTv">
    <skipped/>
  </testcase> <!-- @BeforeMethod beforeTest -->
  <testcase name="@AfterMethod afterTest" time="0.0" classname="com.redbox.testscripts.NewReleasesScreenTv">
    <skipped/>
  </testcase> <!-- @AfterMethod afterTest -->
  <testcase name="@AfterClass tearDown" time="0.0" classname="com.redbox.testscripts.NewReleasesScreenTv">
    <skipped/>
  </testcase> <!-- @AfterClass tearDown -->
  <testcase name="launchApplication" time="0.001" classname="com.redbox.testscripts.NewReleasesScreenTv">
    <skipped/>
  </testcase> <!-- launchApplication -->
</testsuite> <!-- Showing Map Locations -->
