<?xml version="1.0" encoding="UTF-8"?>
<testsuite xmlns:xsi="http://www.w3.org/2001/XMLSchema-instance" xsi:schemaLocation="https://maven.apache.org/surefire/maven-surefire-plugin/xsd/surefire-test-report.xsd" name="TestSuite" time="1,687.123" tests="34" errors="0" skipped="20" failures="3">
  <properties>
[...]
</properties>
  <testcase name="startTime" classname="com.appium.model.StartExecution" time="0.052"/>
  <testcase name="ManagelocationVerify" classname="com.redbox.testscripts.MapLocation" time="15.601"/>
  <testcase name="startUp" classname="com.redbox.testscripts.NewReleasesScreenTv" time="0">
    <skipped/>
    <system-out><![CDATA[MapLocation execution completed.
NewReleasesScreenTv execution is skipped
]]></system-out>
    <system-err><![CDATA[Warning:  Usage of a local non-builtin name
]]></system-err>
  </testcase>
  <testcase name="beforeTest" classname="com.redbox.testscripts.NewReleasesScreenTv" time="0">
    <skipped/>
  </testcase>
  <testcase name="launchApplication" classname="com.redbox.testscripts.NewReleasesScreenTv" time="0">
    <skipped/>
  </testcase>
  <testcase name="afterTest" classname="com.redbox.testscripts.NewReleasesScreenTv" time="0">
    <skipped/>
  </testcase>
  <testcase name="tearDown" classname="com.redbox.testscripts.NewReleasesScreenTv" time="0">
    <skipped/>
  </testcase>
  <testcase name="launchApplication" classname="com.redbox.testscripts.NewReleaseScreenGames" time="122.552"/>
  <testcase name="launchApplication" classname="com.redbox.testscripts.NewReleaseScreenMovies" time="43.472"/>
  <testcase name="launchApplication" classname="com.redbox.testscripts.HomeScreenValidation" time="27.263"/>
  <testcase name="launchApplication" classname="com.redbox.testscripts.ScrollHorizontalOnReels" time="374.991"/>
  <testcase name="launchApplication" classname="com.redbox.testscripts.ScrollingUpAndScrollReel" time="20.284">
    <failure message="expected [false] but found [true]" type="java.lang.AssertionError">java.lang.AssertionError: expected [false] but found [true]
	at com.redbox.testscripts.ScrollingUpAndScrollReel.launchApplication(ScrollingUpAndScrollReel.java:86)
</failure>
    <system-out><![CDATA[ScrollHorizontalOnReels execution completed.
Yes
]]></system-out>
    <system-err><![CDATA[Warning:  Usage of a local non-builtin name
]]></system-err>
  </testcase>
  <testcase name="ManagelocationVerify" classname="com.redbox.testscripts.FabTrayKeyboadValidation" time="75.957"/>
  <testcase name="ManagelocationVerify" classname="com.redbox.testscripts.LocationBrowseAllBoxes" time="151.257"/>
  <testcase name="ManagelocationVerify" classname="com.redbox.testscripts.SearchLocationByCityStatePIN" time="420.529">
    <failure type="java.lang.AssertionError:">java.lang.AssertionError: null
	at com.redbox.testscripts.SearchLocationByCityStatePIN.ManagelocationVerify(SearchLocationByCityStatePIN.java:102)
</failure>
    <system-out><![CDATA[LocationBrowseAllBoxes execution completed.
Yes
location Icon is Displayed
]]></system-out>
    <system-err><![CDATA[Warning:  Usage of a local non-builtin name
]]></system-err>
  </testcase>
  <testcase name="startUp" classname="com.redbox.testscripts.SelectButtonInFabTray" time="0">
    <skipped/>
    <system-out><![CDATA[SearchLocationByCityStatePIN execution completed.
SelectButtonInFabTray execution is skipped
]]></system-out>
    <system-err><![CDATA[Warning:  Usage of a local non-builtin name
]]></system-err>
  </testcase>
  <testcase name="beforeTest" classname="com.redbox.testscripts.SelectButtonInFabTray" time="0">
    <skipped/>
  </testcase>
  <testcase name="ManagelocationVerify" classname="com.redbox.testscripts.SelectButtonInFabTray" time="0">
    <skipped/>
  </testcase>
  <testcase name="afterTest" classname="com.redbox.testscripts.SelectButtonInFabTray" time="0">
    <skipped/>
  </testcase>
  <testcase name="tearDown" classname="com.redbox.testscripts.SelectButtonInFabTray" time="0">
    <skipped/>
  </testcase>
  <testcase name="ManagelocationVerify" classname="com.redbox.testscripts.ShowMapIconDefaultLocation" time="145.02"/>
  <testcase name="audienceReviewScreen" classname="com.redbox.testscripts.AudienceReview_Games" time="111.907"/>
  <testcase name="audienceReviewScreen" classname="com.redbox.testscripts.AudienceReview_TV" time="103.265">
    <failure message="validation failed" type="java.lang.AssertionError">java.lang.AssertionError: validation failed
	at com.redbox.testscripts.AudienceReview_TV.audienceReviewScreen(AudienceReview_TV.java:146)
</failure>
    <system-out><![CDATA[AudienceReview_Games execution completed.
Yes
Title screen displayed
org.openqa.selenium.NoSuchElementException: An element could not be located on the page using the given search parameters. (WARNING: The server did not provide any stacktrace information)
Command duration or timeout: 6.27 seconds
For documentation on this error, please visit: http://seleniumhq.org/exceptions/no_such_element.html
Build info: version: '2.51.0', revision: '1af067dbcaedd7d2ab9af5151fc471d363d97193', time: '2016-02-05 11:20:57'
System info: host: 'elt-73.estblr.com', ip: '172.16.16.207', os.name: 'Mac OS X', os.arch: 'x86_64', os.version: '10.12.6', java.version: '1.8.0_151'
Driver info: io.appium.java_client.ios.IOSDriver
Capabilities [{networkConnectionEnabled=false, noReset=true, bundleId=com.redbox.Redbox, databaseEnabled=false, deviceName=iPhone 6s, platform=MAC, platformVersion=11.0, webStorageEnabled=false, locationContextEnabled=false, automationName=XCUITest, browserName=, takesScreenshot=true, javascriptEnabled=true, platformName=iOS, udid=381f0d37154f566d3d8c017df18f4c89c33b2042}]
Session ID: 9f436187-4d56-4c25-bf16-da5ffee69d72
*** Element info: {Using=xpath, value=//XCUIElementTypeTable/XCUIElementTypeCell[5]/XCUIElementTypeButton[1]}
]]></system-out>
    <system-err><![CDATA[Warning:  Usage of a local non-builtin name
]]></system-err>
  </testcase>
  <testcase name="startUp" classname="com.redbox.testscripts.LocationListInAscendingOrder" time="0">
    <skipped/>
    <system-out><![CDATA[AudienceReview_TV execution completed.
LocationListInAscendingOrder execution is skipped
]]></system-out>
    <system-err><![CDATA[Warning:  Usage of a local non-builtin name
]]></system-err>
  </testcase>
  <testcase name="beforeTest" classname="com.redbox.testscripts.LocationListInAscendingOrder" time="0">
    <skipped/>
  </testcase>
  <testcase name="ManagelocationVerify" classname="com.redbox.testscripts.LocationListInAscendingOrder" time="0">
    <skipped/>
  </testcase>
  <testcase name="afterTest" classname="com.redbox.testscripts.LocationListInAscendingOrder" time="0">
    <skipped/>
  </testcase>
  <testcase name="tearDown" classname="com.redbox.testscripts.LocationListInAscendingOrder" time="0">
    <skipped/>
  </testcase>
  <testcase name="startUp" classname="com.redbox.testscripts.LocationMapDimmed" time="0">
    <skipped/>
    <system-out><![CDATA[LocationMapDimmed execution is skipped
]]></system-out>
    <system-err><![CDATA[Warning:  Usage of a local non-builtin name
]]></system-err>
  </testcase>
  <testcase name="beforeTest" classname="com.redbox.testscripts.LocationMapDimmed" time="0">
    <skipped/>
  </testcase>
  <testcase name="ManagelocationVerify" classname="com.redbox.testscripts.LocationMapDimmed" time="0">
    <skipped/>
  </testcase>
  <testcase name="afterTest" classname="com.redbox.testscripts.LocationMapDimmed" time="0">
    <skipped/>
  </testcase>
  <testcase name="tearDown" classname="com.redbox.testscripts.LocationMapDimmed" time="0">
    <skipped/>
  </testcase>
  <testcase name="endTime" classname="com.appium.model.EndExecution" time="0.007"/>
</testsuite>